Determining if the pthread_create exist failed with the following output:
Change Dir: /home/joseph/Documents/dissertation/ale0.5.1/CMakeFiles/CMakeTmp

Run Build Command:"/usr/bin/make" "cmTryCompileExec1716204/fast"
/usr/bin/make -f CMakeFiles/cmTryCompileExec1716204.dir/build.make CMakeFiles/cmTryCompileExec1716204.dir/build
make[1]: Entering directory '/home/joseph/Documents/dissertation/ale0.5.1/CMakeFiles/CMakeTmp'
/usr/bin/cmake -E cmake_progress_report /home/joseph/Documents/dissertation/ale0.5.1/CMakeFiles/CMakeTmp/CMakeFiles 1
Building C object CMakeFiles/cmTryCompileExec1716204.dir/CheckSymbolExists.c.o
/usr/bin/cc    -o CMakeFiles/cmTryCompileExec1716204.dir/CheckSymbolExists.c.o   -c /home/joseph/Documents/dissertation/ale0.5.1/CMakeFiles/CMakeTmp/CheckSymbolExists.c
Linking C executable cmTryCompileExec1716204
/usr/bin/cmake -E cmake_link_script CMakeFiles/cmTryCompileExec1716204.dir/link.txt --verbose=1
/usr/bin/cc       CMakeFiles/cmTryCompileExec1716204.dir/CheckSymbolExists.c.o  -o cmTryCompileExec1716204 -rdynamic 
CMakeFiles/cmTryCompileExec1716204.dir/CheckSymbolExists.c.o: In function `main':
CheckSymbolExists.c:(.text+0x16): undefined reference to `pthread_create'
collect2: error: ld returned 1 exit status
CMakeFiles/cmTryCompileExec1716204.dir/build.make:88: recipe for target 'cmTryCompileExec1716204' failed
make[1]: Leaving directory '/home/joseph/Documents/dissertation/ale0.5.1/CMakeFiles/CMakeTmp'
make[1]: *** [cmTryCompileExec1716204] Error 1
Makefile:117: recipe for target 'cmTryCompileExec1716204/fast' failed
make: *** [cmTryCompileExec1716204/fast] Error 2

File /home/joseph/Documents/dissertation/ale0.5.1/CMakeFiles/CMakeTmp/CheckSymbolExists.c:
/* */
#include <pthread.h>

int main(int argc, char** argv)
{
  (void)argv;
#ifndef pthread_create
  return ((int*)(&pthread_create))[argc];
#else
  (void)argc;
  return 0;
#endif
}

Determining if the function pthread_create exists in the pthreads failed with the following output:
Change Dir: /home/joseph/Documents/dissertation/ale0.5.1/CMakeFiles/CMakeTmp

Run Build Command:"/usr/bin/make" "cmTryCompileExec503491412/fast"
/usr/bin/make -f CMakeFiles/cmTryCompileExec503491412.dir/build.make CMakeFiles/cmTryCompileExec503491412.dir/build
make[1]: Entering directory '/home/joseph/Documents/dissertation/ale0.5.1/CMakeFiles/CMakeTmp'
/usr/bin/cmake -E cmake_progress_report /home/joseph/Documents/dissertation/ale0.5.1/CMakeFiles/CMakeTmp/CMakeFiles 1
Building C object CMakeFiles/cmTryCompileExec503491412.dir/CheckFunctionExists.c.o
/usr/bin/cc   -DCHECK_FUNCTION_EXISTS=pthread_create   -o CMakeFiles/cmTryCompileExec503491412.dir/CheckFunctionExists.c.o   -c /usr/share/cmake-3.2/Modules/CheckFunctionExists.c
Linking C executable cmTryCompileExec503491412
/usr/bin/cmake -E cmake_link_script CMakeFiles/cmTryCompileExec503491412.dir/link.txt --verbose=1
/usr/bin/cc   -DCHECK_FUNCTION_EXISTS=pthread_create    CMakeFiles/cmTryCompileExec503491412.dir/CheckFunctionExists.c.o  -o cmTryCompileExec503491412 -rdynamic -lpthreads 
/usr/bin/ld: cannot find -lpthreads
collect2: error: ld returned 1 exit status
CMakeFiles/cmTryCompileExec503491412.dir/build.make:88: recipe for target 'cmTryCompileExec503491412' failed
make[1]: Leaving directory '/home/joseph/Documents/dissertation/ale0.5.1/CMakeFiles/CMakeTmp'
make[1]: *** [cmTryCompileExec503491412] Error 1
Makefile:117: recipe for target 'cmTryCompileExec503491412/fast' failed
make: *** [cmTryCompileExec503491412/fast] Error 2


